<?xml version="1.0" encoding="UTF-8"?>
<robot generator="Robot 7.0 (Python 3.8.18 on linux)" generated="2024-03-21T00:09:17.126392" rpa="false" schemaversion="5">
<suite id="s1" name="Tests" source="/home/runner/work/robot-appium-tests/robot-appium-tests/tests">
<suite id="s1-s1" name="Android" source="/home/runner/work/robot-appium-tests/robot-appium-tests/tests/android">
<suite id="s1-s1-s1" name="Catalog" source="/home/runner/work/robot-appium-tests/robot-appium-tests/tests/android/catalog.robot">
<test id="s1-s1-s1-t1" name="Scenario: Open product from the catalog" line="11">
<kw name="Before Tests" owner="base_keywords" type="SETUP">
<kw name="Open App" owner="base_keywords">
<kw name="Open Application">
<msg time="2024-03-21T00:09:17.363191" level="FAIL">No keyword with name 'Open Application' found. Did you try using keyword 'base_keywords.Open App' and forgot to use enough whitespace between keyword and arguments?</msg>
<arg>${REMOTE_URL}</arg>
<arg>platformName=${PLATFORM_NAME}</arg>
<arg>platformVersion=${PLATFORM_VERSION}</arg>
<arg>deviceName=${DEVICE_NAME}</arg>
<arg>app=${APP}</arg>
<arg>automationName=${AUTOMATION_NAME}</arg>
<arg>name=${JOB_NAME}</arg>
<status status="FAIL" start="2024-03-21T00:09:17.363156" elapsed="0.000094">No keyword with name 'Open Application' found. Did you try using keyword 'base_keywords.Open App' and forgot to use enough whitespace between keyword and arguments?</status>
</kw>
<status status="FAIL" start="2024-03-21T00:09:17.361832" elapsed="0.001578">No keyword with name 'Open Application' found. Did you try using keyword 'base_keywords.Open App' and forgot to use enough whitespace between keyword and arguments?</status>
</kw>
<kw name="Perform Login" owner="login_keywords">
<arg>bob@example.com</arg>
<arg>10203040</arg>
<status status="NOT RUN" start="2024-03-21T00:09:17.363593" elapsed="0.000024"/>
</kw>
<status status="FAIL" start="2024-03-21T00:09:17.361394" elapsed="0.002306">No keyword with name 'Open Application' found. Did you try using keyword 'base_keywords.Open App' and forgot to use enough whitespace between keyword and arguments?</status>
</kw>
<kw name="After Tests" owner="base_keywords" type="TEARDOWN">
<kw name="Close Application">
<msg time="2024-03-21T00:09:17.365106" level="FAIL">No keyword with name 'Close Application' found.</msg>
<status status="FAIL" start="2024-03-21T00:09:17.365080" elapsed="0.000059">No keyword with name 'Close Application' found.</status>
</kw>
<status status="FAIL" start="2024-03-21T00:09:17.363978" elapsed="0.001264">No keyword with name 'Close Application' found.</status>
</kw>
<tag>open_product</tag>
<status status="FAIL" start="2024-03-21T00:09:17.360636" elapsed="0.004662">Setup failed:
No keyword with name 'Open Application' found. Did you try using keyword 'base_keywords.Open App' and forgot to use enough whitespace between keyword and arguments?

Also teardown failed:
No keyword with name 'Close Application' found.</status>
</test>
<test id="s1-s1-s1-t2" name="Scenario: Rate product from catalog" line="16">
<kw name="Before Tests" owner="base_keywords" type="SETUP">
<kw name="Open App" owner="base_keywords">
<kw name="Open Application">
<msg time="2024-03-21T00:09:17.367924" level="FAIL">No keyword with name 'Open Application' found. Did you try using keyword 'base_keywords.Open App' and forgot to use enough whitespace between keyword and arguments?</msg>
<arg>${REMOTE_URL}</arg>
<arg>platformName=${PLATFORM_NAME}</arg>
<arg>platformVersion=${PLATFORM_VERSION}</arg>
<arg>deviceName=${DEVICE_NAME}</arg>
<arg>app=${APP}</arg>
<arg>automationName=${AUTOMATION_NAME}</arg>
<arg>name=${JOB_NAME}</arg>
<status status="FAIL" start="2024-03-21T00:09:17.367888" elapsed="0.000072">No keyword with name 'Open Application' found. Did you try using keyword 'base_keywords.Open App' and forgot to use enough whitespace between keyword and arguments?</status>
</kw>
<status status="FAIL" start="2024-03-21T00:09:17.366617" elapsed="0.001456">No keyword with name 'Open Application' found. Did you try using keyword 'base_keywords.Open App' and forgot to use enough whitespace between keyword and arguments?</status>
</kw>
<kw name="Perform Login" owner="login_keywords">
<arg>bob@example.com</arg>
<arg>10203040</arg>
<status status="NOT RUN" start="2024-03-21T00:09:17.368249" elapsed="0.000023"/>
</kw>
<status status="FAIL" start="2024-03-21T00:09:17.366232" elapsed="0.002118">No keyword with name 'Open Application' found. Did you try using keyword 'base_keywords.Open App' and forgot to use enough whitespace between keyword and arguments?</status>
</kw>
<kw name="After Tests" owner="base_keywords" type="TEARDOWN">
<kw name="Close Application">
<msg time="2024-03-21T00:09:17.369637" level="FAIL">No keyword with name 'Close Application' found.</msg>
<status status="FAIL" start="2024-03-21T00:09:17.369610" elapsed="0.000058">No keyword with name 'Close Application' found.</status>
</kw>
<status status="FAIL" start="2024-03-21T00:09:17.368575" elapsed="0.001188">No keyword with name 'Close Application' found.</status>
</kw>
<tag>rate_product</tag>
<status status="FAIL" start="2024-03-21T00:09:17.365645" elapsed="0.004171">Setup failed:
No keyword with name 'Open Application' found. Did you try using keyword 'base_keywords.Open App' and forgot to use enough whitespace between keyword and arguments?

Also teardown failed:
No keyword with name 'Close Application' found.</status>
</test>
<test id="s1-s1-s1-t3" name="Scenario: Sort products by Name - Ascending" line="20">
<kw name="Before Tests" owner="base_keywords" type="SETUP">
<kw name="Open App" owner="base_keywords">
<kw name="Open Application">
<msg time="2024-03-21T00:09:17.371971" level="FAIL">No keyword with name 'Open Application' found. Did you try using keyword 'base_keywords.Open App' and forgot to use enough whitespace between keyword and arguments?</msg>
<arg>${REMOTE_URL}</arg>
<arg>platformName=${PLATFORM_NAME}</arg>
<arg>platformVersion=${PLATFORM_VERSION}</arg>
<arg>deviceName=${DEVICE_NAME}</arg>
<arg>app=${APP}</arg>
<arg>automationName=${AUTOMATION_NAME}</arg>
<arg>name=${JOB_NAME}</arg>
<status status="FAIL" start="2024-03-21T00:09:17.371945" elapsed="0.000060">No keyword with name 'Open Application' found. Did you try using keyword 'base_keywords.Open App' and forgot to use enough whitespace between keyword and arguments?</status>
</kw>
<status status="FAIL" start="2024-03-21T00:09:17.370911" elapsed="0.001201">No keyword with name 'Open Application' found. Did you try using keyword 'base_keywords.Open App' and forgot to use enough whitespace between keyword and arguments?</status>
</kw>
<kw name="Perform Login" owner="login_keywords">
<arg>bob@example.com</arg>
<arg>10203040</arg>
<status status="NOT RUN" start="2024-03-21T00:09:17.372287" elapsed="0.000023"/>
</kw>
<status status="FAIL" start="2024-03-21T00:09:17.370626" elapsed="0.001762">No keyword with name 'Open Application' found. Did you try using keyword 'base_keywords.Open App' and forgot to use enough whitespace between keyword and arguments?</status>
</kw>
<kw name="After Tests" owner="base_keywords" type="TEARDOWN">
<kw name="Close Application">
<msg time="2024-03-21T00:09:17.373673" level="FAIL">No keyword with name 'Close Application' found.</msg>
<status status="FAIL" start="2024-03-21T00:09:17.373649" elapsed="0.000055">No keyword with name 'Close Application' found.</status>
</kw>
<status status="FAIL" start="2024-03-21T00:09:17.372609" elapsed="0.001187">No keyword with name 'Close Application' found.</status>
</kw>
<tag>sort_by</tag>
<status status="FAIL" start="2024-03-21T00:09:17.370135" elapsed="0.003712">Setup failed:
No keyword with name 'Open Application' found. Did you try using keyword 'base_keywords.Open App' and forgot to use enough whitespace between keyword and arguments?

Also teardown failed:
No keyword with name 'Close Application' found.</status>
</test>
<test id="s1-s1-s1-t4" name="Scenario: Add product from catalog to cart" line="24">
<kw name="Before Tests" owner="base_keywords" type="SETUP">
<kw name="Open App" owner="base_keywords">
<kw name="Open Application">
<msg time="2024-03-21T00:09:17.375991" level="FAIL">No keyword with name 'Open Application' found. Did you try using keyword 'base_keywords.Open App' and forgot to use enough whitespace between keyword and arguments?</msg>
<arg>${REMOTE_URL}</arg>
<arg>platformName=${PLATFORM_NAME}</arg>
<arg>platformVersion=${PLATFORM_VERSION}</arg>
<arg>deviceName=${DEVICE_NAME}</arg>
<arg>app=${APP}</arg>
<arg>automationName=${AUTOMATION_NAME}</arg>
<arg>name=${JOB_NAME}</arg>
<status status="FAIL" start="2024-03-21T00:09:17.375965" elapsed="0.000096">No keyword with name 'Open Application' found. Did you try using keyword 'base_keywords.Open App' and forgot to use enough whitespace between keyword and arguments?</status>
</kw>
<status status="FAIL" start="2024-03-21T00:09:17.374932" elapsed="0.001244">No keyword with name 'Open Application' found. Did you try using keyword 'base_keywords.Open App' and forgot to use enough whitespace between keyword and arguments?</status>
</kw>
<kw name="Perform Login" owner="login_keywords">
<arg>bob@example.com</arg>
<arg>10203040</arg>
<status status="NOT RUN" start="2024-03-21T00:09:17.376348" elapsed="0.000022"/>
</kw>
<status status="FAIL" start="2024-03-21T00:09:17.374646" elapsed="0.001802">No keyword with name 'Open Application' found. Did you try using keyword 'base_keywords.Open App' and forgot to use enough whitespace between keyword and arguments?</status>
</kw>
<kw name="After Tests" owner="base_keywords" type="TEARDOWN">
<kw name="Close Application">
<msg time="2024-03-21T00:09:17.378482" level="FAIL">No keyword with name 'Close Application' found.</msg>
<status status="FAIL" start="2024-03-21T00:09:17.378457" elapsed="0.000057">No keyword with name 'Close Application' found.</status>
</kw>
<status status="FAIL" start="2024-03-21T00:09:17.376673" elapsed="0.001939">No keyword with name 'Close Application' found.</status>
</kw>
<tag>add_cart</tag>
<status status="FAIL" start="2024-03-21T00:09:17.374165" elapsed="0.004499">Setup failed:
No keyword with name 'Open Application' found. Did you try using keyword 'base_keywords.Open App' and forgot to use enough whitespace between keyword and arguments?

Also teardown failed:
No keyword with name 'Close Application' found.</status>
</test>
<status status="FAIL" start="2024-03-21T00:09:17.147484" elapsed="0.231801"/>
</suite>
<suite id="s1-s1-s2" name="Login" source="/home/runner/work/robot-appium-tests/robot-appium-tests/tests/android/login.robot">
<test id="s1-s1-s2-t1" name="Scenario: Login with wrong credentials" line="11">
<kw name="Before Tests" owner="base_keywords" type="SETUP">
<kw name="Open App" owner="base_keywords">
<kw name="Open Application">
<msg time="2024-03-21T00:09:17.385626" level="FAIL">No keyword with name 'Open Application' found. Did you try using keyword 'base_keywords.Open App' and forgot to use enough whitespace between keyword and arguments?</msg>
<arg>${REMOTE_URL}</arg>
<arg>platformName=${PLATFORM_NAME}</arg>
<arg>platformVersion=${PLATFORM_VERSION}</arg>
<arg>deviceName=${DEVICE_NAME}</arg>
<arg>app=${APP}</arg>
<arg>automationName=${AUTOMATION_NAME}</arg>
<arg>name=${JOB_NAME}</arg>
<status status="FAIL" start="2024-03-21T00:09:17.385601" elapsed="0.000060">No keyword with name 'Open Application' found. Did you try using keyword 'base_keywords.Open App' and forgot to use enough whitespace between keyword and arguments?</status>
</kw>
<status status="FAIL" start="2024-03-21T00:09:17.384659" elapsed="0.001112">No keyword with name 'Open Application' found. Did you try using keyword 'base_keywords.Open App' and forgot to use enough whitespace between keyword and arguments?</status>
</kw>
<kw name="Perform Login" owner="login_keywords">
<arg>bob@example.com</arg>
<arg>10203040</arg>
<status status="NOT RUN" start="2024-03-21T00:09:17.385935" elapsed="0.000022"/>
</kw>
<status status="FAIL" start="2024-03-21T00:09:17.384382" elapsed="0.001654">No keyword with name 'Open Application' found. Did you try using keyword 'base_keywords.Open App' and forgot to use enough whitespace between keyword and arguments?</status>
</kw>
<kw name="After Tests" owner="base_keywords" type="TEARDOWN">
<kw name="Close Application">
<msg time="2024-03-21T00:09:17.387247" level="FAIL">No keyword with name 'Close Application' found.</msg>
<status status="FAIL" start="2024-03-21T00:09:17.387223" elapsed="0.000054">No keyword with name 'Close Application' found.</status>
</kw>
<status status="FAIL" start="2024-03-21T00:09:17.386257" elapsed="0.001116">No keyword with name 'Close Application' found.</status>
</kw>
<tag>wrong_login</tag>
<status status="FAIL" start="2024-03-21T00:09:17.383941" elapsed="0.003485">Setup failed:
No keyword with name 'Open Application' found. Did you try using keyword 'base_keywords.Open App' and forgot to use enough whitespace between keyword and arguments?

Also teardown failed:
No keyword with name 'Close Application' found.</status>
</test>
<test id="s1-s1-s2-t2" name="Scenario: Login successfully" line="17">
<kw name="Before Tests" owner="base_keywords" type="SETUP">
<kw name="Open App" owner="base_keywords">
<kw name="Open Application">
<msg time="2024-03-21T00:09:17.389321" level="FAIL">No keyword with name 'Open Application' found. Did you try using keyword 'base_keywords.Open App' and forgot to use enough whitespace between keyword and arguments?</msg>
<arg>${REMOTE_URL}</arg>
<arg>platformName=${PLATFORM_NAME}</arg>
<arg>platformVersion=${PLATFORM_VERSION}</arg>
<arg>deviceName=${DEVICE_NAME}</arg>
<arg>app=${APP}</arg>
<arg>automationName=${AUTOMATION_NAME}</arg>
<arg>name=${JOB_NAME}</arg>
<status status="FAIL" start="2024-03-21T00:09:17.389296" elapsed="0.000058">No keyword with name 'Open Application' found. Did you try using keyword 'base_keywords.Open App' and forgot to use enough whitespace between keyword and arguments?</status>
</kw>
<status status="FAIL" start="2024-03-21T00:09:17.388359" elapsed="0.001101">No keyword with name 'Open Application' found. Did you try using keyword 'base_keywords.Open App' and forgot to use enough whitespace between keyword and arguments?</status>
</kw>
<kw name="Perform Login" owner="login_keywords">
<arg>bob@example.com</arg>
<arg>10203040</arg>
<status status="NOT RUN" start="2024-03-21T00:09:17.389623" elapsed="0.000021"/>
</kw>
<status status="FAIL" start="2024-03-21T00:09:17.388089" elapsed="0.001632">No keyword with name 'Open Application' found. Did you try using keyword 'base_keywords.Open App' and forgot to use enough whitespace between keyword and arguments?</status>
</kw>
<kw name="After Tests" owner="base_keywords" type="TEARDOWN">
<kw name="Close Application">
<msg time="2024-03-21T00:09:17.391105" level="FAIL">No keyword with name 'Close Application' found.</msg>
<status status="FAIL" start="2024-03-21T00:09:17.391081" elapsed="0.000055">No keyword with name 'Close Application' found.</status>
</kw>
<status status="FAIL" start="2024-03-21T00:09:17.389939" elapsed="0.001293">No keyword with name 'Close Application' found.</status>
</kw>
<tag>login_success</tag>
<status status="FAIL" start="2024-03-21T00:09:17.387685" elapsed="0.003599">Setup failed:
No keyword with name 'Open Application' found. Did you try using keyword 'base_keywords.Open App' and forgot to use enough whitespace between keyword and arguments?

Also teardown failed:
No keyword with name 'Close Application' found.</status>
</test>
<test id="s1-s1-s2-t3" name="Scenario: Logout successfully" line="22">
<kw name="Before Tests" owner="base_keywords" type="SETUP">
<kw name="Open App" owner="base_keywords">
<kw name="Open Application">
<msg time="2024-03-21T00:09:17.393183" level="FAIL">No keyword with name 'Open Application' found. Did you try using keyword 'base_keywords.Open App' and forgot to use enough whitespace between keyword and arguments?</msg>
<arg>${REMOTE_URL}</arg>
<arg>platformName=${PLATFORM_NAME}</arg>
<arg>platformVersion=${PLATFORM_VERSION}</arg>
<arg>deviceName=${DEVICE_NAME}</arg>
<arg>app=${APP}</arg>
<arg>automationName=${AUTOMATION_NAME}</arg>
<arg>name=${JOB_NAME}</arg>
<status status="FAIL" start="2024-03-21T00:09:17.393159" elapsed="0.000057">No keyword with name 'Open Application' found. Did you try using keyword 'base_keywords.Open App' and forgot to use enough whitespace between keyword and arguments?</status>
</kw>
<status status="FAIL" start="2024-03-21T00:09:17.392227" elapsed="0.001131">No keyword with name 'Open Application' found. Did you try using keyword 'base_keywords.Open App' and forgot to use enough whitespace between keyword and arguments?</status>
</kw>
<kw name="Perform Login" owner="login_keywords">
<arg>bob@example.com</arg>
<arg>10203040</arg>
<status status="NOT RUN" start="2024-03-21T00:09:17.393526" elapsed="0.000021"/>
</kw>
<status status="FAIL" start="2024-03-21T00:09:17.391948" elapsed="0.001677">No keyword with name 'Open Application' found. Did you try using keyword 'base_keywords.Open App' and forgot to use enough whitespace between keyword and arguments?</status>
</kw>
<kw name="After Tests" owner="base_keywords" type="TEARDOWN">
<kw name="Close Application">
<msg time="2024-03-21T00:09:17.394837" level="FAIL">No keyword with name 'Close Application' found.</msg>
<status status="FAIL" start="2024-03-21T00:09:17.394814" elapsed="0.000053">No keyword with name 'Close Application' found.</status>
</kw>
<status status="FAIL" start="2024-03-21T00:09:17.393842" elapsed="0.001118">No keyword with name 'Close Application' found.</status>
</kw>
<tag>logout_success</tag>
<status status="FAIL" start="2024-03-21T00:09:17.391548" elapsed="0.003464">Setup failed:
No keyword with name 'Open Application' found. Did you try using keyword 'base_keywords.Open App' and forgot to use enough whitespace between keyword and arguments?

Also teardown failed:
No keyword with name 'Close Application' found.</status>
</test>
<status status="FAIL" start="2024-03-21T00:09:17.379806" elapsed="0.015540"/>
</suite>
<status status="FAIL" start="2024-03-21T00:09:17.146433" elapsed="0.249536"/>
</suite>
<suite id="s1-s2" name="Ios" source="/home/runner/work/robot-appium-tests/robot-appium-tests/tests/ios">
<suite id="s1-s2-s1" name="Test" source="/home/runner/work/robot-appium-tests/robot-appium-tests/tests/ios/test.robot">
<test id="s1-s2-s1-t1" name="Scenario: Take screenshot" line="9">
<kw name="Before Tests" owner="base_keywords" type="SETUP">
<kw name="Open Application">
<msg time="2024-03-21T00:09:17.403023" level="FAIL">No keyword with name 'Open Application' found.</msg>
<arg>${REMOTE_URL}</arg>
<arg>platformName=${PLATFORM_NAME}</arg>
<arg>platformVersion=${PLATFORM_VERSION}</arg>
<arg>deviceName=${DEVICE_NAME}</arg>
<arg>app=${APP}</arg>
<arg>automationName=${AUTOMATION_NAME}</arg>
<arg>name=${JOB_NAME}</arg>
<status status="FAIL" start="2024-03-21T00:09:17.402998" elapsed="0.000059">No keyword with name 'Open Application' found.</status>
</kw>
<status status="FAIL" start="2024-03-21T00:09:17.402086" elapsed="0.001080">No keyword with name 'Open Application' found.</status>
</kw>
<kw name="After Tests" owner="base_keywords" type="TEARDOWN">
<kw name="Close Application">
<msg time="2024-03-21T00:09:17.404374" level="FAIL">No keyword with name 'Close Application' found.</msg>
<status status="FAIL" start="2024-03-21T00:09:17.404348" elapsed="0.000058">No keyword with name 'Close Application' found.</status>
</kw>
<status status="FAIL" start="2024-03-21T00:09:17.403392" elapsed="0.001111">No keyword with name 'Close Application' found.</status>
</kw>
<status status="FAIL" start="2024-03-21T00:09:17.401687" elapsed="0.002868">Setup failed:
No keyword with name 'Open Application' found.

Also teardown failed:
No keyword with name 'Close Application' found.</status>
</test>
<status status="FAIL" start="2024-03-21T00:09:17.397420" elapsed="0.007457"/>
</suite>
<status status="FAIL" start="2024-03-21T00:09:17.396444" elapsed="0.008962"/>
</suite>
<status status="FAIL" start="2024-03-21T00:09:17.127276" elapsed="0.278656"/>
</suite>
<statistics>
<total>
<stat pass="0" fail="8" skip="0">All Tests</stat>
</total>
<tag>
<stat pass="0" fail="1" skip="0">add_cart</stat>
<stat pass="0" fail="1" skip="0">login_success</stat>
<stat pass="0" fail="1" skip="0">logout_success</stat>
<stat pass="0" fail="1" skip="0">open_product</stat>
<stat pass="0" fail="1" skip="0">rate_product</stat>
<stat pass="0" fail="1" skip="0">sort_by</stat>
<stat pass="0" fail="1" skip="0">wrong_login</stat>
</tag>
<suite>
<stat pass="0" fail="8" skip="0" id="s1" name="Tests">Tests</stat>
<stat pass="0" fail="7" skip="0" id="s1-s1" name="Android">Tests.Android</stat>
<stat pass="0" fail="4" skip="0" id="s1-s1-s1" name="Catalog">Tests.Android.Catalog</stat>
<stat pass="0" fail="3" skip="0" id="s1-s1-s2" name="Login">Tests.Android.Login</stat>
<stat pass="0" fail="1" skip="0" id="s1-s2" name="Ios">Tests.Ios</stat>
<stat pass="0" fail="1" skip="0" id="s1-s2-s1" name="Test">Tests.Ios.Test</stat>
</suite>
</statistics>
<errors>
<msg time="2024-03-21T00:09:17.349390" level="ERROR">Error in file '/home/runner/work/robot-appium-tests/robot-appium-tests/config/settings.robot' on line 2: Importing library 'AppiumLibrary' failed: ModuleNotFoundError: No module named 'appium.webdriver.common.touch_action'
Traceback (most recent call last):
  File "/opt/hostedtoolcache/Python/3.8.18/x64/lib/python3.8/site-packages/AppiumLibrary/__init__.py", line 4, in &lt;module&gt;
    from AppiumLibrary.keywords import *
  File "/opt/hostedtoolcache/Python/3.8.18/x64/lib/python3.8/site-packages/AppiumLibrary/keywords/__init__.py", line 9, in &lt;module&gt;
    from ._touch import _TouchKeywords
  File "/opt/hostedtoolcache/Python/3.8.18/x64/lib/python3.8/site-packages/AppiumLibrary/keywords/_touch.py", line 3, in &lt;module&gt;
    from appium.webdriver.common.touch_action import TouchAction
PYTHONPATH:
  /opt/hostedtoolcache/Python/3.8.18/x64/bin
  /opt/hostedtoolcache/Python/3.8.18/x64/lib/python38.zip
  /opt/hostedtoolcache/Python/3.8.18/x64/lib/python3.8
  /opt/hostedtoolcache/Python/3.8.18/x64/lib/python3.8/lib-dynload
  /opt/hostedtoolcache/Python/3.8.18/x64/lib/python3.8/site-packages</msg>
<msg time="2024-03-21T00:09:17.357966" level="WARN">Error in file '/home/runner/work/robot-appium-tests/robot-appium-tests/resources/android/keywords/catalog_keywords.robot' on line 9: The '[Return]' setting is deprecated. Use the 'RETURN' statement instead.</msg>
<msg time="2024-03-21T00:09:17.381809" level="ERROR">Error in file '/home/runner/work/robot-appium-tests/robot-appium-tests/config/settings.robot' on line 2: Importing library 'AppiumLibrary' failed: ModuleNotFoundError: No module named 'appium.webdriver.common.touch_action'
Traceback (most recent call last):
  File "/opt/hostedtoolcache/Python/3.8.18/x64/lib/python3.8/site-packages/AppiumLibrary/__init__.py", line 4, in &lt;module&gt;
    from AppiumLibrary.keywords import *
  File "/opt/hostedtoolcache/Python/3.8.18/x64/lib/python3.8/site-packages/AppiumLibrary/keywords/__init__.py", line 9, in &lt;module&gt;
    from ._touch import _TouchKeywords
  File "/opt/hostedtoolcache/Python/3.8.18/x64/lib/python3.8/site-packages/AppiumLibrary/keywords/_touch.py", line 3, in &lt;module&gt;
    from appium.webdriver.common.touch_action import TouchAction
PYTHONPATH:
  /opt/hostedtoolcache/Python/3.8.18/x64/bin
  /opt/hostedtoolcache/Python/3.8.18/x64/lib/python38.zip
  /opt/hostedtoolcache/Python/3.8.18/x64/lib/python3.8
  /opt/hostedtoolcache/Python/3.8.18/x64/lib/python3.8/lib-dynload
  /opt/hostedtoolcache/Python/3.8.18/x64/lib/python3.8/site-packages</msg>
<msg time="2024-03-21T00:09:17.399222" level="ERROR">Error in file '/home/runner/work/robot-appium-tests/robot-appium-tests/config/settings.robot' on line 2: Importing library 'AppiumLibrary' failed: ModuleNotFoundError: No module named 'appium.webdriver.common.touch_action'
Traceback (most recent call last):
  File "/opt/hostedtoolcache/Python/3.8.18/x64/lib/python3.8/site-packages/AppiumLibrary/__init__.py", line 4, in &lt;module&gt;
    from AppiumLibrary.keywords import *
  File "/opt/hostedtoolcache/Python/3.8.18/x64/lib/python3.8/site-packages/AppiumLibrary/keywords/__init__.py", line 9, in &lt;module&gt;
    from ._touch import _TouchKeywords
  File "/opt/hostedtoolcache/Python/3.8.18/x64/lib/python3.8/site-packages/AppiumLibrary/keywords/_touch.py", line 3, in &lt;module&gt;
    from appium.webdriver.common.touch_action import TouchAction
PYTHONPATH:
  /opt/hostedtoolcache/Python/3.8.18/x64/bin
  /opt/hostedtoolcache/Python/3.8.18/x64/lib/python38.zip
  /opt/hostedtoolcache/Python/3.8.18/x64/lib/python3.8
  /opt/hostedtoolcache/Python/3.8.18/x64/lib/python3.8/lib-dynload
  /opt/hostedtoolcache/Python/3.8.18/x64/lib/python3.8/site-packages</msg>
</errors>
</robot>
